2024-06-30 04:59:28 Loading main app package /snap/obsidian/34/resources/obsidian.asar
2024-06-30 04:59:28 Checking for update using Github
2024-06-30 04:59:29 Success.
2024-06-30 04:59:29 Latest version is 1.6.5
2024-06-30 04:59:29 App is up to date.
2024-06-30 05:01:08 Loading main app package /snap/obsidian/34/resources/obsidian.asar
2024-06-30 05:01:08 Checking for update using Github
2024-06-30 05:01:08 Success.
2024-06-30 05:01:08 Latest version is 1.6.5
2024-06-30 05:01:08 App is up to date.
2024-06-30 05:51:24 Loading main app package /snap/obsidian/34/resources/obsidian.asar
2024-06-30 05:51:24 Checking for update using Github
2024-06-30 05:51:24 Success.
2024-06-30 05:51:24 Latest version is 1.6.5
2024-06-30 05:51:24 App is up to date.
2024-07-20 20:19:49 Loading main app package /snap/obsidian/35/resources/obsidian.asar
2024-07-20 20:19:51 Checking for update using Github
2024-07-20 20:19:52 Success.
2024-07-20 20:19:52 Latest version is 1.6.7
2024-07-20 20:19:52 App is up to date.
2024-07-20 20:25:38 Loading main app package /snap/obsidian/35/resources/obsidian.asar
2024-07-20 20:25:38 Checking for update using Github
2024-07-20 20:25:39 Success.
2024-07-20 20:25:39 Latest version is 1.6.7
2024-07-20 20:25:39 App is up to date.
2024-07-20 20:37:45 Loading main app package /snap/obsidian/35/resources/obsidian.asar
2024-07-20 20:37:47 Checking for update using Github
2024-07-20 20:37:48 Success.
2024-07-20 20:37:48 Latest version is 1.6.7
2024-07-20 20:37:48 App is up to date.
2024-07-20 20:42:11 Loading main app package /snap/obsidian/35/resources/obsidian.asar
2024-07-20 20:42:12 Checking for update using Github
2024-07-20 20:42:12 Success.
2024-07-20 20:42:12 Latest version is 1.6.7
2024-07-20 20:42:12 App is up to date.
2024-07-20 20:53:12 Loading main app package /snap/obsidian/35/resources/obsidian.asar
2024-07-20 20:53:12 Checking for update using Github
2024-07-20 20:53:14 Success.
2024-07-20 20:53:14 Latest version is 1.6.7
2024-07-20 20:53:14 App is up to date.
2024-07-22 19:26:10 Loading main app package /snap/obsidian/35/resources/obsidian.asar
2024-07-22 19:26:12 Checking for update using Github
2024-07-22 19:26:13 Success.
2024-07-22 19:26:13 Latest version is 1.6.7
2024-07-22 19:26:13 App is up to date.
2024-07-25 02:11:31 Loading main app package /snap/obsidian/35/resources/obsidian.asar
2024-07-25 02:11:33 Checking for update using Github
2024-07-25 02:11:34 Success.
2024-07-25 02:11:34 Latest version is 1.6.7
2024-07-25 02:11:34 App is up to date.
2024-07-25 02:15:30 Loading main app package /snap/obsidian/35/resources/obsidian.asar
2024-07-25 02:15:30 Checking for update using Github
2024-07-25 02:15:30 Success.
2024-07-25 02:15:30 Latest version is 1.6.7
2024-07-25 02:15:30 App is up to date.
2024-07-25 02:23:52 Loading main app package /snap/obsidian/35/resources/obsidian.asar
2024-07-25 02:23:52 Checking for update using Github
2024-07-25 02:23:53 Success.
2024-07-25 02:23:53 Latest version is 1.6.7
2024-07-25 02:23:53 App is up to date.
2024-07-25 02:27:28 Loading main app package /snap/obsidian/35/resources/obsidian.asar
2024-07-25 02:27:28 Checking for update using Github
2024-07-25 02:27:28 Success.
2024-07-25 02:27:28 Latest version is 1.6.7
2024-07-25 02:27:28 App is up to date.
2024-07-25 02:45:18 Loading main app package /snap/obsidian/35/resources/obsidian.asar
2024-07-25 02:45:18 Checking for update using Github
2024-07-25 02:45:19 Success.
2024-07-25 02:45:19 Latest version is 1.6.7
2024-07-25 02:45:19 App is up to date.
2024-07-25 02:50:43 Loading main app package /snap/obsidian/35/resources/obsidian.asar
2024-07-25 02:50:43 Checking for update using Github
2024-07-25 02:50:44 Success.
2024-07-25 02:50:44 Latest version is 1.6.7
2024-07-25 02:50:44 App is up to date.
2024-07-25 02:54:30 Loading main app package /snap/obsidian/35/resources/obsidian.asar
2024-07-25 02:54:30 Checking for update using Github
2024-07-25 02:54:30 Success.
2024-07-25 02:54:30 Latest version is 1.6.7
2024-07-25 02:54:30 App is up to date.
2024-07-25 02:56:31 Loading main app package /snap/obsidian/35/resources/obsidian.asar
2024-07-25 02:56:31 Checking for update using Github
2024-07-25 02:56:32 Success.
2024-07-25 02:56:32 Latest version is 1.6.7
2024-07-25 02:56:32 App is up to date.
2024-07-25 03:48:21 Loading main app package /snap/obsidian/35/resources/obsidian.asar
2024-07-25 03:48:21 Checking for update using Github
2024-07-25 03:48:23 Success.
2024-07-25 03:48:23 Latest version is 1.6.7
2024-07-25 03:48:23 App is up to date.
2024-08-04 02:44:15 Loading main app package /snap/obsidian/35/resources/obsidian.asar
2024-08-04 02:44:17 Checking for update using Github
2024-08-04 02:44:19 Success.
2024-08-04 02:44:19 Latest version is 1.6.7
2024-08-04 02:44:19 App is up to date.
2024-09-18 17:26:23 Loading main app package /snap/obsidian/35/resources/obsidian.asar
2024-09-18 17:26:24 Checking for update using Github
2024-09-18 17:26:24 Success.
2024-09-18 17:26:24 Latest version is 1.6.7
2024-09-18 17:26:24 App is up to date.
2024-10-01 02:15:11 Loading main app package /snap/obsidian/35/resources/obsidian.asar
2024-10-01 02:15:12 Checking for update using Github
2024-10-01 02:15:13 Success.
2024-10-01 02:15:13 Latest version is 1.6.7
2024-10-01 02:15:13 App is up to date.
2024-11-24 21:12:32 Loading main app package /snap/obsidian/40/resources/obsidian.asar
2024-11-24 21:12:33 Checking for update using Github
2024-11-24 21:12:35 Success.
2024-11-24 21:12:35 Latest version is 1.7.7
2024-11-24 21:12:35 App is up to date.
